<?xml version="1.0" encoding="UTF-8"?>
<!-- Generated by org.testng.reporters.JUnitXMLReporter -->
<testsuite hostname="WKWIN6219675" ignored="0" name="Default test" tests="3" failures="0" timestamp="2022-04-06T18:25:08 IST" time="38.217" errors="0">
  <testcase name="registrationPage" time="15.394" classname="com.newtours.tests.BookFlightTest"/>
  <testcase name="registrationConfirmationPage" time="6.337" classname="com.newtours.tests.BookFlightTest"/>
  <testcase name="flightDetailsPage" time="10.982" classname="com.newtours.tests.BookFlightTest"/>
</testsuite> <!-- Default test -->
