<?xml version="1.0" encoding="UTF-8"?>
<testng-results skipped="0" failed="0" ignored="0" total="3" passed="3">
  <reporter-output>
  </reporter-output>
  <suite name="book-flight-module" duration-ms="45503" started-at="2022-04-07T10:33:48 IST" finished-at="2022-04-07T10:34:34 IST">
    <groups>
    </groups>
    <test name="book-flight-1" duration-ms="45503" started-at="2022-04-07T10:33:48 IST" finished-at="2022-04-07T10:34:34 IST">
      <class name="com.newtours.tests.BookFlightTest">
        <test-method status="PASS" signature="setUpDriver()[pri:0, instance:com.newtours.tests.BookFlightTest@1f7030a6]" name="setUpDriver" is-config="true" duration-ms="11902" started-at="2022-04-07T10:33:48 IST" finished-at="2022-04-07T10:34:00 IST">
          <reporter-output>
          </reporter-output>
        </test-method> <!-- setUpDriver -->
        <test-method status="PASS" signature="registrationPage()[pri:0, instance:com.newtours.tests.BookFlightTest@1f7030a6]" name="registrationPage" duration-ms="15058" started-at="2022-04-07T10:34:00 IST" finished-at="2022-04-07T10:34:15 IST">
          <reporter-output>
          </reporter-output>
        </test-method> <!-- registrationPage -->
        <test-method status="PASS" signature="registrationConfirmationPage()[pri:0, instance:com.newtours.tests.BookFlightTest@1f7030a6]" name="registrationConfirmationPage" duration-ms="6461" started-at="2022-04-07T10:34:15 IST" depends-on-methods="com.newtours.tests.BookFlightTest.registrationPage" finished-at="2022-04-07T10:34:22 IST">
          <reporter-output>
          </reporter-output>
        </test-method> <!-- registrationConfirmationPage -->
        <test-method status="PASS" signature="flightDetailsPage()[pri:0, instance:com.newtours.tests.BookFlightTest@1f7030a6]" name="flightDetailsPage" duration-ms="10974" started-at="2022-04-07T10:34:22 IST" depends-on-methods="com.newtours.tests.BookFlightTest.registrationConfirmationPage" finished-at="2022-04-07T10:34:33 IST">
          <reporter-output>
          </reporter-output>
        </test-method> <!-- flightDetailsPage -->
        <test-method status="PASS" signature="quitBrowser()[pri:0, instance:com.newtours.tests.BookFlightTest@1f7030a6]" name="quitBrowser" is-config="true" duration-ms="1047" started-at="2022-04-07T10:34:33 IST" finished-at="2022-04-07T10:34:34 IST">
          <reporter-output>
          </reporter-output>
        </test-method> <!-- quitBrowser -->
      </class> <!-- com.newtours.tests.BookFlightTest -->
    </test> <!-- book-flight-1 -->
  </suite> <!-- book-flight-module -->
</testng-results>
