<?xml version="1.0" encoding="UTF-8"?>
<!-- Generated by org.testng.reporters.JUnitXMLReporter -->
<testsuite hostname="WKWIN6219675" ignored="0" name="book-flight-1" tests="3" failures="0" timestamp="2022-04-07T10:34:34 IST" time="45.503" errors="0">
  <testcase name="registrationPage" time="15.058" classname="com.newtours.tests.BookFlightTest"/>
  <testcase name="registrationConfirmationPage" time="6.461" classname="com.newtours.tests.BookFlightTest"/>
  <testcase name="flightDetailsPage" time="10.974" classname="com.newtours.tests.BookFlightTest"/>
</testsuite> <!-- book-flight-1 -->
