<?xml version="1.0" encoding="UTF-8"?>
<!-- Generated by org.testng.reporters.JUnitXMLReporter -->
<testsuite hostname="WKWIN6219675" ignored="0" name="book-flight-1" tests="3" failures="0" timestamp="2022-04-07T17:27:43 IST" time="38.196" errors="0">
  <testcase name="registrationPage" time="16.125" classname="com.newtours.tests.BookFlightTest"/>
  <testcase name="registrationConfirmationPage" time="5.904" classname="com.newtours.tests.BookFlightTest"/>
  <testcase name="flightDetailsPage" time="11.758" classname="com.newtours.tests.BookFlightTest"/>
</testsuite> <!-- book-flight-1 -->
