<?xml version="1.0" encoding="UTF-8"?>
<!-- Generated by org.testng.reporters.JUnitXMLReporter -->
<testsuite hostname="WKWIN6219675" ignored="0" name="book-flight-1" tests="3" failures="0" timestamp="2022-04-06T18:35:10 IST" time="39.122" errors="0">
  <testcase name="registrationPage" time="15.713" classname="com.newtours.tests.BookFlightTest"/>
  <testcase name="registrationConfirmationPage" time="5.776" classname="com.newtours.tests.BookFlightTest"/>
  <testcase name="flightDetailsPage" time="11.499" classname="com.newtours.tests.BookFlightTest"/>
</testsuite> <!-- book-flight-1 -->
